<?xml version="1.0" encoding="UTF-8"?>
<coverage generated="1780487114593" clover="3.2.0">
  <project timestamp="1780487114593" name="All files">
    <metrics statements="528" coveredstatements="506" conditionals="195" coveredconditionals="170" methods="243" coveredmethods="225" elements="966" coveredelements="901" complexity="0" loc="528" ncloc="528" packages="7" files="29" classes="29"/>
    <package name="components.device">
      <metrics statements="7" coveredstatements="7" conditionals="12" coveredconditionals="11" methods="3" coveredmethods="3"/>
      <file name="DeviceForm.tsx" path="/Users/yqgmac/yqg/project/EquipSense/frontend/src/components/device/DeviceForm.tsx">
        <metrics statements="7" coveredstatements="7" conditionals="12" coveredconditionals="11" methods="3" coveredmethods="3"/>
        <line num="12" count="1" type="stmt"/>
        <line num="22" count="1" type="stmt"/>
        <line num="42" count="17" type="stmt"/>
        <line num="43" count="17" type="stmt"/>
        <line num="50" count="17" type="stmt"/>
        <line num="69" count="1" type="cond" truecount="1" falsecount="1"/>
        <line num="73" count="102" type="stmt"/>
      </file>
    </package>
    <package name="components.knowledge">
      <metrics statements="60" coveredstatements="46" conditionals="40" coveredconditionals="22" methods="14" coveredmethods="4"/>
      <file name="RuleEditDialog.tsx" path="/Users/yqgmac/yqg/project/EquipSense/frontend/src/components/knowledge/RuleEditDialog.tsx">
        <metrics statements="60" coveredstatements="46" conditionals="40" coveredconditionals="22" methods="14" coveredmethods="4"/>
        <line num="35" count="22" type="stmt"/>
        <line num="36" count="22" type="stmt"/>
        <line num="37" count="22" type="stmt"/>
        <line num="40" count="22" type="stmt"/>
        <line num="41" count="22" type="stmt"/>
        <line num="42" count="22" type="stmt"/>
        <line num="43" count="22" type="stmt"/>
        <line num="44" count="22" type="stmt"/>
        <line num="45" count="22" type="stmt"/>
        <line num="46" count="22" type="stmt"/>
        <line num="47" count="22" type="stmt"/>
        <line num="48" count="22" type="stmt"/>
        <line num="50" count="22" type="stmt"/>
        <line num="53" count="22" type="stmt"/>
        <line num="54" count="5" type="cond" truecount="2" falsecount="0"/>
        <line num="55" count="4" type="stmt"/>
        <line num="56" count="4" type="stmt"/>
        <line num="57" count="4" type="stmt"/>
        <line num="58" count="4" type="stmt"/>
        <line num="59" count="4" type="cond" truecount="1" falsecount="1"/>
        <line num="60" count="4" type="cond" truecount="1" falsecount="1"/>
        <line num="61" count="4" type="stmt"/>
        <line num="62" count="4" type="stmt"/>
        <line num="65" count="4" type="stmt"/>
        <line num="66" count="4" type="cond" truecount="1" falsecount="1"/>
        <line num="67" count="0" type="stmt"/>
        <line num="68" count="0" type="stmt"/>
        <line num="70" count="4" type="stmt"/>
        <line num="71" count="4" type="stmt"/>
        <line num="77" count="22" type="stmt"/>
        <line num="79" count="0" type="stmt"/>
        <line num="80" count="0" type="stmt"/>
        <line num="86" count="22" type="stmt"/>
        <line num="87" count="2" type="cond" truecount="1" falsecount="1"/>
        <line num="90" count="2" type="stmt"/>
        <line num="91" count="2" type="stmt"/>
        <line num="93" count="2" type="cond" truecount="2" falsecount="0"/>
        <line num="94" count="2" type="cond" truecount="1" falsecount="1"/>
        <line num="95" count="2" type="cond" truecount="1" falsecount="1"/>
        <line num="96" count="2" type="cond" truecount="1" falsecount="1"/>
        <line num="97" count="2" type="cond" truecount="2" falsecount="2"/>
        <line num="98" count="2" type="cond" truecount="2" falsecount="2"/>
        <line num="99" count="2" type="cond" truecount="1" falsecount="1"/>
        <line num="101" count="2" type="cond" truecount="1" falsecount="1"/>
        <line num="102" count="0" type="stmt"/>
        <line num="105" count="2" type="cond" truecount="2" falsecount="0"/>
        <line num="106" count="1" type="stmt"/>
        <line num="107" count="1" type="stmt"/>
        <line num="110" count="1" type="stmt"/>
        <line num="116" count="22" type="stmt"/>
        <line num="117" count="0" type="cond" truecount="0" falsecount="2"/>
        <line num="131" count="13" type="stmt"/>
        <line num="137" count="0" type="stmt"/>
        <line num="148" count="0" type="stmt"/>
        <line num="165" count="0" type="stmt"/>
        <line num="176" count="0" type="stmt"/>
        <line num="186" count="0" type="stmt"/>
        <line num="196" count="0" type="stmt"/>
        <line num="210" count="0" type="stmt"/>
        <line num="224" count="0" type="stmt"/>
      </file>
    </package>
    <package name="components.ui">
      <metrics statements="34" coveredstatements="26" conditionals="16" coveredconditionals="15" methods="31" coveredmethods="23"/>
      <file name="badge.tsx" path="/Users/yqgmac/yqg/project/EquipSense/frontend/src/components/ui/badge.tsx">
        <metrics statements="2" coveredstatements="2" conditionals="1" coveredconditionals="1" methods="1" coveredmethods="1"/>
        <line num="7" count="1" type="stmt"/>
        <line num="36" count="3" type="stmt"/>
      </file>
      <file name="button.tsx" path="/Users/yqgmac/yqg/project/EquipSense/frontend/src/components/ui/button.tsx">
        <metrics statements="2" coveredstatements="2" conditionals="2" coveredconditionals="2" methods="1" coveredmethods="1"/>
        <line num="6" count="3" type="stmt"/>
        <line num="49" count="123" type="stmt"/>
      </file>
      <file name="card.tsx" path="/Users/yqgmac/yqg/project/EquipSense/frontend/src/components/ui/card.tsx">
        <metrics statements="7" coveredstatements="4" conditionals="1" coveredconditionals="1" methods="7" coveredmethods="4"/>
        <line num="10" count="17" type="stmt"/>
        <line num="24" count="17" type="stmt"/>
        <line num="37" count="17" type="stmt"/>
        <line num="50" count="0" type="stmt"/>
        <line num="60" count="0" type="stmt"/>
        <line num="73" count="17" type="stmt"/>
        <line num="83" count="0" type="stmt"/>
      </file>
      <file name="dialog.tsx" path="/Users/yqgmac/yqg/project/EquipSense/frontend/src/components/ui/dialog.tsx">
        <metrics statements="10" coveredstatements="8" conditionals="6" coveredconditionals="5" methods="10" coveredmethods="8"/>
        <line num="9" count="22" type="stmt"/>
        <line num="13" count="0" type="stmt"/>
        <line num="17" count="22" type="stmt"/>
        <line num="21" count="0" type="stmt"/>
        <line num="28" count="17" type="stmt"/>
        <line num="48" count="22" type="stmt"/>
        <line num="82" count="17" type="stmt"/>
        <line num="99" count="17" type="stmt"/>
        <line num="119" count="17" type="stmt"/>
        <line num="135" count="17" type="stmt"/>
      </file>
      <file name="input.tsx" path="/Users/yqgmac/yqg/project/EquipSense/frontend/src/components/ui/input.tsx">
        <metrics statements="1" coveredstatements="1" conditionals="0" coveredconditionals="0" methods="1" coveredmethods="1"/>
        <line num="7" count="119" type="stmt"/>
      </file>
      <file name="label.tsx" path="/Users/yqgmac/yqg/project/EquipSense/frontend/src/components/ui/label.tsx">
        <metrics statements="1" coveredstatements="1" conditionals="0" coveredconditionals="0" methods="1" coveredmethods="1"/>
        <line num="6" count="204" type="stmt"/>
      </file>
      <file name="select.tsx" path="/Users/yqgmac/yqg/project/EquipSense/frontend/src/components/ui/select.tsx">
        <metrics statements="10" coveredstatements="7" conditionals="6" coveredconditionals="6" methods="9" coveredmethods="6"/>
        <line num="7" count="1" type="stmt"/>
        <line num="10" count="0" type="stmt"/>
        <line num="20" count="17" type="stmt"/>
        <line num="37" count="17" type="stmt"/>
        <line num="71" count="17" type="stmt"/>
        <line num="100" count="0" type="stmt"/>
        <line num="114" count="12" type="stmt"/>
        <line num="141" count="0" type="stmt"/>
        <line num="154" count="2" type="stmt"/>
        <line num="173" count="2" type="stmt"/>
      </file>
      <file name="textarea.tsx" path="/Users/yqgmac/yqg/project/EquipSense/frontend/src/components/ui/textarea.tsx">
        <metrics statements="1" coveredstatements="1" conditionals="0" coveredconditionals="0" methods="1" coveredmethods="1"/>
        <line num="6" count="68" type="stmt"/>
      </file>
    </package>
    <package name="components.workorder">
      <metrics statements="25" coveredstatements="25" conditionals="45" coveredconditionals="44" methods="8" coveredmethods="8"/>
      <file name="OfflineStatusBadge.tsx" path="/Users/yqgmac/yqg/project/EquipSense/frontend/src/components/workorder/OfflineStatusBadge.tsx">
        <metrics statements="6" coveredstatements="6" conditionals="8" coveredconditionals="8" methods="1" coveredmethods="1"/>
        <line num="14" count="5" type="stmt"/>
        <line num="15" count="5" type="stmt"/>
        <line num="18" count="5" type="cond" truecount="4" falsecount="0"/>
        <line num="20" count="3" type="cond" truecount="2" falsecount="0"/>
        <line num="21" count="2" type="stmt"/>
        <line num="29" count="1" type="stmt"/>
      </file>
      <file name="OfflineSyncPanel.tsx" path="/Users/yqgmac/yqg/project/EquipSense/frontend/src/components/workorder/OfflineSyncPanel.tsx">
        <metrics statements="19" coveredstatements="19" conditionals="37" coveredconditionals="36" methods="7" coveredmethods="7"/>
        <line num="10" count="1" type="stmt"/>
        <line num="24" count="18" type="stmt"/>
        <line num="25" count="18" type="stmt"/>
        <line num="26" count="18" type="stmt"/>
        <line num="28" count="18" type="stmt"/>
        <line num="29" count="9" type="stmt"/>
        <line num="30" count="9" type="stmt"/>
        <line num="31" count="9" type="stmt"/>
        <line num="33" count="9" type="stmt"/>
        <line num="36" count="9" type="stmt"/>
        <line num="37" count="9" type="stmt"/>
        <line num="40" count="18" type="stmt"/>
        <line num="41" count="1" type="stmt"/>
        <line num="42" count="1" type="stmt"/>
        <line num="43" count="1" type="stmt"/>
        <line num="47" count="18" type="cond" truecount="4" falsecount="0"/>
        <line num="49" count="17" type="stmt"/>
        <line num="95" count="6" type="stmt"/>
        <line num="115" count="1" type="stmt"/>
      </file>
    </package>
    <package name="hooks">
      <metrics statements="377" coveredstatements="377" conditionals="74" coveredconditionals="70" methods="173" coveredmethods="173"/>
      <file name="useAlertRules.ts" path="/Users/yqgmac/yqg/project/EquipSense/frontend/src/hooks/useAlertRules.ts">
        <metrics statements="23" coveredstatements="23" conditionals="2" coveredconditionals="2" methods="13" coveredmethods="13"/>
        <line num="11" count="6" type="stmt"/>
        <line num="14" count="3" type="stmt"/>
        <line num="18" count="3" type="cond" truecount="2" falsecount="0"/>
        <line num="19" count="3" type="stmt"/>
        <line num="20" count="2" type="stmt"/>
        <line num="31" count="3" type="stmt"/>
        <line num="34" count="1" type="stmt"/>
        <line num="35" count="1" type="stmt"/>
        <line num="47" count="2" type="stmt"/>
        <line num="48" count="2" type="stmt"/>
        <line num="50" count="1" type="stmt"/>
        <line num="51" count="1" type="stmt"/>
        <line num="54" count="1" type="stmt"/>
        <line num="65" count="2" type="stmt"/>
        <line num="66" count="2" type="stmt"/>
        <line num="68" count="1" type="stmt"/>
        <line num="69" count="1" type="stmt"/>
        <line num="72" count="1" type="stmt"/>
        <line num="73" count="1" type="stmt"/>
        <line num="84" count="2" type="stmt"/>
        <line num="85" count="2" type="stmt"/>
        <line num="87" count="1" type="stmt"/>
        <line num="90" count="1" type="stmt"/>
      </file>
      <file name="useAlerts.ts" path="/Users/yqgmac/yqg/project/EquipSense/frontend/src/hooks/useAlerts.ts">
        <metrics statements="22" coveredstatements="22" conditionals="10" coveredconditionals="10" methods="10" coveredmethods="10"/>
        <line num="21" count="8" type="stmt"/>
        <line num="24" count="4" type="stmt"/>
        <line num="28" count="4" type="cond" truecount="2" falsecount="0"/>
        <line num="29" count="4" type="cond" truecount="2" falsecount="0"/>
        <line num="30" count="4" type="cond" truecount="2" falsecount="0"/>
        <line num="31" count="4" type="cond" truecount="2" falsecount="0"/>
        <line num="32" count="4" type="cond" truecount="2" falsecount="0"/>
        <line num="33" count="4" type="stmt"/>
        <line num="34" count="3" type="stmt"/>
        <line num="45" count="3" type="stmt"/>
        <line num="48" count="1" type="stmt"/>
        <line num="49" count="1" type="stmt"/>
        <line num="61" count="2" type="stmt"/>
        <line num="62" count="2" type="stmt"/>
        <line num="64" count="1" type="stmt"/>
        <line num="67" count="1" type="stmt"/>
        <line num="68" count="1" type="stmt"/>
        <line num="79" count="2" type="stmt"/>
        <line num="80" count="2" type="stmt"/>
        <line num="82" count="1" type="stmt"/>
        <line num="85" count="1" type="stmt"/>
        <line num="86" count="1" type="stmt"/>
      </file>
      <file name="useAnalyses.ts" path="/Users/yqgmac/yqg/project/EquipSense/frontend/src/hooks/useAnalyses.ts">
        <metrics statements="15" coveredstatements="15" conditionals="6" coveredconditionals="6" methods="7" coveredmethods="7"/>
        <line num="27" count="6" type="stmt"/>
        <line num="30" count="3" type="stmt"/>
        <line num="34" count="3" type="cond" truecount="2" falsecount="0"/>
        <line num="35" count="3" type="cond" truecount="2" falsecount="0"/>
        <line num="36" count="3" type="cond" truecount="2" falsecount="0"/>
        <line num="37" count="3" type="stmt"/>
        <line num="38" count="2" type="stmt"/>
        <line num="49" count="3" type="stmt"/>
        <line num="52" count="1" type="stmt"/>
        <line num="53" count="1" type="stmt"/>
        <line num="61" count="2" type="stmt"/>
        <line num="62" count="2" type="stmt"/>
        <line num="64" count="1" type="stmt"/>
        <line num="65" count="1" type="stmt"/>
        <line num="68" count="1" type="stmt"/>
      </file>
      <file name="useApprovals.ts" path="/Users/yqgmac/yqg/project/EquipSense/frontend/src/hooks/useApprovals.ts">
        <metrics statements="40" coveredstatements="40" conditionals="0" coveredconditionals="0" methods="24" coveredmethods="24"/>
        <line num="22" count="4" type="stmt"/>
        <line num="25" count="2" type="stmt"/>
        <line num="26" count="1" type="stmt"/>
        <line num="38" count="3" type="stmt"/>
        <line num="41" count="1" type="stmt"/>
        <line num="44" count="1" type="stmt"/>
        <line num="56" count="4" type="stmt"/>
        <line num="59" count="2" type="stmt"/>
        <line num="60" count="1" type="stmt"/>
        <line num="71" count="2" type="stmt"/>
        <line num="72" count="2" type="stmt"/>
        <line num="74" count="1" type="stmt"/>
        <line num="75" count="1" type="stmt"/>
        <line num="77" count="1" type="stmt"/>
        <line num="87" count="2" type="stmt"/>
        <line num="88" count="2" type="stmt"/>
        <line num="90" count="1" type="stmt"/>
        <line num="91" count="1" type="stmt"/>
        <line num="93" count="1" type="stmt"/>
        <line num="103" count="2" type="stmt"/>
        <line num="104" count="2" type="stmt"/>
        <line num="106" count="1" type="stmt"/>
        <line num="108" count="1" type="stmt"/>
        <line num="119" count="2" type="stmt"/>
        <line num="120" count="2" type="stmt"/>
        <line num="122" count="1" type="stmt"/>
        <line num="125" count="1" type="stmt"/>
        <line num="126" count="1" type="stmt"/>
        <line num="137" count="4" type="stmt"/>
        <line num="138" count="4" type="stmt"/>
        <line num="140" count="2" type="stmt"/>
        <line num="143" count="2" type="stmt"/>
        <line num="144" count="2" type="stmt"/>
        <line num="145" count="2" type="stmt"/>
        <line num="157" count="4" type="stmt"/>
        <line num="158" count="4" type="stmt"/>
        <line num="160" count="2" type="stmt"/>
        <line num="163" count="2" type="stmt"/>
        <line num="164" count="2" type="stmt"/>
        <line num="165" count="2" type="stmt"/>
      </file>
      <file name="useDevices.ts" path="/Users/yqgmac/yqg/project/EquipSense/frontend/src/hooks/useDevices.ts">
        <metrics statements="26" coveredstatements="26" conditionals="8" coveredconditionals="8" methods="13" coveredmethods="13"/>
        <line num="12" count="8" type="stmt"/>
        <line num="15" count="4" type="stmt"/>
        <line num="19" count="4" type="cond" truecount="2" falsecount="0"/>
        <line num="20" count="4" type="cond" truecount="2" falsecount="0"/>
        <line num="21" count="4" type="cond" truecount="2" falsecount="0"/>
        <line num="22" count="4" type="cond" truecount="2" falsecount="0"/>
        <line num="23" count="4" type="stmt"/>
        <line num="24" count="3" type="stmt"/>
        <line num="35" count="3" type="stmt"/>
        <line num="38" count="1" type="stmt"/>
        <line num="39" count="1" type="stmt"/>
        <line num="51" count="2" type="stmt"/>
        <line num="52" count="2" type="stmt"/>
        <line num="54" count="1" type="stmt"/>
        <line num="55" count="1" type="stmt"/>
        <line num="58" count="1" type="stmt"/>
        <line num="69" count="2" type="stmt"/>
        <line num="70" count="2" type="stmt"/>
        <line num="72" count="1" type="stmt"/>
        <line num="73" count="1" type="stmt"/>
        <line num="76" count="1" type="stmt"/>
        <line num="77" count="1" type="stmt"/>
        <line num="88" count="2" type="stmt"/>
        <line num="89" count="2" type="stmt"/>
        <line num="91" count="1" type="stmt"/>
        <line num="94" count="1" type="stmt"/>
      </file>
      <file name="useDispatch.ts" path="/Users/yqgmac/yqg/project/EquipSense/frontend/src/hooks/useDispatch.ts">
        <metrics statements="13" coveredstatements="13" conditionals="3" coveredconditionals="2" methods="7" coveredmethods="7"/>
        <line num="55" count="3" type="stmt"/>
        <line num="58" count="1" type="cond" truecount="1" falsecount="1"/>
        <line num="59" count="1" type="stmt"/>
        <line num="60" count="1" type="stmt"/>
        <line num="72" count="4" type="stmt"/>
        <line num="75" count="2" type="stmt"/>
        <line num="76" count="2" type="stmt"/>
        <line num="88" count="2" type="stmt"/>
        <line num="89" count="2" type="stmt"/>
        <line num="91" count="1" type="stmt"/>
        <line num="94" count="1" type="stmt"/>
        <line num="97" count="1" type="stmt"/>
        <line num="98" count="1" type="stmt"/>
      </file>
      <file name="useIntegration.ts" path="/Users/yqgmac/yqg/project/EquipSense/frontend/src/hooks/useIntegration.ts">
        <metrics statements="12" coveredstatements="12" conditionals="2" coveredconditionals="2" methods="7" coveredmethods="7"/>
        <line num="10" count="6" type="stmt"/>
        <line num="13" count="3" type="stmt"/>
        <line num="15" count="2" type="cond" truecount="2" falsecount="0"/>
        <line num="16" count="3" type="stmt"/>
        <line num="26" count="4" type="stmt"/>
        <line num="27" count="4" type="stmt"/>
        <line num="29" count="2" type="stmt"/>
        <line num="30" count="2" type="stmt"/>
        <line num="33" count="2" type="stmt"/>
        <line num="43" count="4" type="stmt"/>
        <line num="45" count="2" type="stmt"/>
        <line num="46" count="1" type="stmt"/>
      </file>
      <file name="useKnowledge.ts" path="/Users/yqgmac/yqg/project/EquipSense/frontend/src/hooks/useKnowledge.ts">
        <metrics statements="86" coveredstatements="86" conditionals="8" coveredconditionals="8" methods="39" coveredmethods="39"/>
        <line num="27" count="6" type="stmt"/>
        <line num="30" count="3" type="stmt"/>
        <line num="34" count="3" type="cond" truecount="2" falsecount="0"/>
        <line num="35" count="3" type="stmt"/>
        <line num="38" count="2" type="stmt"/>
        <line num="49" count="2" type="stmt"/>
        <line num="50" count="2" type="stmt"/>
        <line num="54" count="1" type="stmt"/>
        <line num="55" count="1" type="stmt"/>
        <line num="58" count="1" type="stmt"/>
        <line num="75" count="6" type="stmt"/>
        <line num="78" count="3" type="stmt"/>
        <line num="82" count="3" type="cond" truecount="2" falsecount="0"/>
        <line num="83" count="3" type="stmt"/>
        <line num="86" count="2" type="stmt"/>
        <line num="97" count="4" type="stmt"/>
        <line num="98" count="4" type="stmt"/>
        <line num="106" count="2" type="stmt"/>
        <line num="110" count="2" type="stmt"/>
        <line num="113" count="2" type="stmt"/>
        <line num="114" count="2" type="stmt"/>
        <line num="125" count="4" type="stmt"/>
        <line num="126" count="4" type="stmt"/>
        <line num="134" count="2" type="stmt"/>
        <line num="138" count="2" type="stmt"/>
        <line num="141" count="2" type="stmt"/>
        <line num="158" count="6" type="stmt"/>
        <line num="161" count="3" type="stmt"/>
        <line num="165" count="3" type="cond" truecount="2" falsecount="0"/>
        <line num="166" count="3" type="stmt"/>
        <line num="169" count="2" type="stmt"/>
        <line num="184" count="2" type="stmt"/>
        <line num="185" count="2" type="stmt"/>
        <line num="187" count="1" type="stmt"/>
        <line num="188" count="1" type="stmt"/>
        <line num="191" count="1" type="stmt"/>
        <line num="216" count="4" type="stmt"/>
        <line num="217" count="4" type="stmt"/>
        <line num="219" count="2" type="stmt"/>
        <line num="220" count="2" type="stmt"/>
        <line num="223" count="2" type="stmt"/>
        <line num="224" count="2" type="stmt"/>
        <line num="239" count="2" type="stmt"/>
        <line num="240" count="2" type="stmt"/>
        <line num="242" count="1" type="stmt"/>
        <line num="243" count="1" type="stmt"/>
        <line num="246" count="1" type="stmt"/>
        <line num="257" count="2" type="stmt"/>
        <line num="258" count="2" type="stmt"/>
        <line num="260" count="1" type="stmt"/>
        <line num="261" count="1" type="stmt"/>
        <line num="264" count="1" type="stmt"/>
        <line num="279" count="2" type="stmt"/>
        <line num="281" count="1" type="stmt"/>
        <line num="282" count="1" type="stmt"/>
        <line num="283" count="1" type="stmt"/>
        <line num="288" count="1" type="stmt"/>
        <line num="299" count="2" type="stmt"/>
        <line num="300" count="2" type="stmt"/>
        <line num="302" count="1" type="stmt"/>
        <line num="303" count="1" type="stmt"/>
        <line num="304" count="1" type="stmt"/>
        <line num="309" count="1" type="stmt"/>
        <line num="312" count="1" type="stmt"/>
        <line num="323" count="4" type="stmt"/>
        <line num="325" count="2" type="stmt"/>
        <line num="326" count="2" type="cond" truecount="2" falsecount="0"/>
        <line num="327" count="2" type="stmt"/>
        <line num="330" count="2" type="stmt"/>
        <line num="331" count="2" type="stmt"/>
        <line num="332" count="2" type="stmt"/>
        <line num="333" count="2" type="stmt"/>
        <line num="334" count="2" type="stmt"/>
        <line num="335" count="2" type="stmt"/>
        <line num="336" count="2" type="stmt"/>
        <line num="337" count="2" type="stmt"/>
        <line num="338" count="2" type="stmt"/>
        <line num="353" count="3" type="stmt"/>
        <line num="356" count="1" type="stmt"/>
        <line num="359" count="1" type="stmt"/>
        <line num="371" count="2" type="stmt"/>
        <line num="372" count="2" type="stmt"/>
        <line num="374" count="1" type="stmt"/>
        <line num="377" count="1" type="stmt"/>
        <line num="380" count="1" type="stmt"/>
        <line num="381" count="1" type="stmt"/>
      </file>
      <file name="useOfflineQueue.ts" path="/Users/yqgmac/yqg/project/EquipSense/frontend/src/hooks/useOfflineQueue.ts">
        <metrics statements="34" coveredstatements="34" conditionals="4" coveredconditionals="4" methods="7" coveredmethods="7"/>
        <line num="13" count="26" type="stmt"/>
        <line num="14" count="26" type="stmt"/>
        <line num="15" count="26" type="stmt"/>
        <line num="16" count="26" type="stmt"/>
        <line num="17" count="26" type="stmt"/>
        <line num="19" count="26" type="stmt"/>
        <line num="20" count="23" type="stmt"/>
        <line num="21" count="23" type="stmt"/>
        <line num="24" count="26" type="stmt"/>
        <line num="25" count="14" type="stmt"/>
        <line num="31" count="26" type="stmt"/>
        <line num="33" count="2" type="stmt"/>
        <line num="39" count="2" type="stmt"/>
        <line num="41" count="2" type="cond" truecount="2" falsecount="0"/>
        <line num="42" count="1" type="stmt"/>
        <line num="44" count="1" type="stmt"/>
        <line num="54" count="26" type="stmt"/>
        <line num="55" count="6" type="stmt"/>
        <line num="56" count="6" type="stmt"/>
        <line num="57" count="6" type="stmt"/>
        <line num="58" count="5" type="stmt"/>
        <line num="59" count="5" type="stmt"/>
        <line num="61" count="5" type="cond" truecount="2" falsecount="0"/>
        <line num="62" count="3" type="stmt"/>
        <line num="63" count="3" type="stmt"/>
        <line num="64" count="3" type="stmt"/>
        <line num="67" count="5" type="stmt"/>
        <line num="69" count="6" type="stmt"/>
        <line num="74" count="26" type="stmt"/>
        <line num="75" count="2" type="stmt"/>
        <line num="79" count="26" type="stmt"/>
        <line num="81" count="1" type="stmt"/>
        <line num="82" count="1" type="stmt"/>
        <line num="87" count="26" type="stmt"/>
      </file>
      <file name="usePushNotifications.ts" path="/Users/yqgmac/yqg/project/EquipSense/frontend/src/hooks/usePushNotifications.ts">
        <metrics statements="31" coveredstatements="31" conditionals="15" coveredconditionals="14" methods="5" coveredmethods="5"/>
        <line num="13" count="16" type="stmt"/>
        <line num="16" count="16" type="stmt"/>
        <line num="17" count="16" type="stmt"/>
        <line num="20" count="16" type="cond" truecount="3" falsecount="0"/>
        <line num="25" count="16" type="stmt"/>
        <line num="26" count="13" type="cond" truecount="2" falsecount="0"/>
        <line num="28" count="8" type="stmt"/>
        <line num="29" count="8" type="stmt"/>
        <line num="30" count="8" type="stmt"/>
        <line num="31" count="8" type="stmt"/>
        <line num="32" count="8" type="stmt"/>
        <line num="38" count="16" type="stmt"/>
        <line num="39" count="12" type="stmt"/>
        <line num="45" count="16" type="stmt"/>
        <line num="46" count="5" type="cond" truecount="2" falsecount="0"/>
        <line num="48" count="4" type="cond" truecount="2" falsecount="0"/>
        <line num="49" count="1" type="stmt"/>
        <line num="50" count="1" type="stmt"/>
        <line num="53" count="3" type="stmt"/>
        <line num="54" count="3" type="cond" truecount="2" falsecount="0"/>
        <line num="55" count="2" type="stmt"/>
        <line num="56" count="2" type="stmt"/>
        <line num="57" count="2" type="stmt"/>
        <line num="58" count="2" type="stmt"/>
        <line num="61" count="1" type="stmt"/>
        <line num="67" count="16" type="stmt"/>
        <line num="68" count="2" type="cond" truecount="2" falsecount="0"/>
        <line num="70" count="1" type="stmt"/>
        <line num="71" count="1" type="stmt"/>
        <line num="72" count="1" type="stmt"/>
        <line num="75" count="16" type="stmt"/>
      </file>
      <file name="useRegister.ts" path="/Users/yqgmac/yqg/project/EquipSense/frontend/src/hooks/useRegister.ts">
        <metrics statements="6" coveredstatements="6" conditionals="0" coveredconditionals="0" methods="4" coveredmethods="4"/>
        <line num="11" count="4" type="stmt"/>
        <line num="14" count="2" type="stmt"/>
        <line num="15" count="1" type="stmt"/>
        <line num="27" count="6" type="stmt"/>
        <line num="29" count="3" type="stmt"/>
        <line num="30" count="2" type="stmt"/>
      </file>
      <file name="useSubscription.ts" path="/Users/yqgmac/yqg/project/EquipSense/frontend/src/hooks/useSubscription.ts">
        <metrics statements="8" coveredstatements="8" conditionals="2" coveredconditionals="1" methods="5" coveredmethods="5"/>
        <line num="20" count="6" type="stmt"/>
        <line num="23" count="2" type="cond" truecount="1" falsecount="1"/>
        <line num="24" count="2" type="stmt"/>
        <line num="25" count="1" type="stmt"/>
        <line num="33" count="4" type="stmt"/>
        <line num="34" count="4" type="stmt"/>
        <line num="36" count="2" type="stmt"/>
        <line num="39" count="1" type="stmt"/>
      </file>
      <file name="useTelemetry.ts" path="/Users/yqgmac/yqg/project/EquipSense/frontend/src/hooks/useTelemetry.ts">
        <metrics statements="7" coveredstatements="7" conditionals="6" coveredconditionals="5" methods="2" coveredmethods="2"/>
        <line num="24" count="5" type="stmt"/>
        <line num="27" count="2" type="stmt"/>
        <line num="28" count="2" type="cond" truecount="1" falsecount="1"/>
        <line num="29" count="2" type="cond" truecount="2" falsecount="0"/>
        <line num="30" count="2" type="cond" truecount="2" falsecount="0"/>
        <line num="31" count="2" type="stmt"/>
        <line num="34" count="1" type="stmt"/>
      </file>
      <file name="useWorkOrders.ts" path="/Users/yqgmac/yqg/project/EquipSense/frontend/src/hooks/useWorkOrders.ts">
        <metrics statements="54" coveredstatements="54" conditionals="8" coveredconditionals="8" methods="30" coveredmethods="30"/>
        <line num="36" count="8" type="stmt"/>
        <line num="39" count="4" type="stmt"/>
        <line num="43" count="4" type="cond" truecount="2" falsecount="0"/>
        <line num="44" count="4" type="cond" truecount="2" falsecount="0"/>
        <line num="45" count="4" type="cond" truecount="2" falsecount="0"/>
        <line num="46" count="4" type="cond" truecount="2" falsecount="0"/>
        <line num="47" count="4" type="stmt"/>
        <line num="48" count="3" type="stmt"/>
        <line num="59" count="3" type="stmt"/>
        <line num="62" count="1" type="stmt"/>
        <line num="63" count="1" type="stmt"/>
        <line num="75" count="3" type="stmt"/>
        <line num="78" count="1" type="stmt"/>
        <line num="79" count="1" type="stmt"/>
        <line num="87" count="2" type="stmt"/>
        <line num="88" count="2" type="stmt"/>
        <line num="90" count="1" type="stmt"/>
        <line num="91" count="1" type="stmt"/>
        <line num="94" count="1" type="stmt"/>
        <line num="101" count="2" type="stmt"/>
        <line num="102" count="2" type="stmt"/>
        <line num="104" count="1" type="stmt"/>
        <line num="107" count="1" type="stmt"/>
        <line num="108" count="1" type="stmt"/>
        <line num="115" count="2" type="stmt"/>
        <line num="116" count="2" type="stmt"/>
        <line num="118" count="1" type="stmt"/>
        <line num="121" count="1" type="stmt"/>
        <line num="122" count="1" type="stmt"/>
        <line num="129" count="2" type="stmt"/>
        <line num="130" count="2" type="stmt"/>
        <line num="132" count="1" type="stmt"/>
        <line num="135" count="1" type="stmt"/>
        <line num="136" count="1" type="stmt"/>
        <line num="143" count="2" type="stmt"/>
        <line num="144" count="2" type="stmt"/>
        <line num="146" count="1" type="stmt"/>
        <line num="149" count="1" type="stmt"/>
        <line num="150" count="1" type="stmt"/>
        <line num="157" count="2" type="stmt"/>
        <line num="158" count="2" type="stmt"/>
        <line num="160" count="1" type="stmt"/>
        <line num="163" count="1" type="stmt"/>
        <line num="164" count="1" type="stmt"/>
        <line num="171" count="2" type="stmt"/>
        <line num="172" count="2" type="stmt"/>
        <line num="174" count="1" type="stmt"/>
        <line num="177" count="1" type="stmt"/>
        <line num="178" count="1" type="stmt"/>
        <line num="185" count="2" type="stmt"/>
        <line num="186" count="2" type="stmt"/>
        <line num="188" count="1" type="stmt"/>
        <line num="191" count="1" type="stmt"/>
        <line num="192" count="1" type="stmt"/>
      </file>
    </package>
    <package name="lib">
      <metrics statements="1" coveredstatements="1" conditionals="0" coveredconditionals="0" methods="1" coveredmethods="1"/>
      <file name="utils.ts" path="/Users/yqgmac/yqg/project/EquipSense/frontend/src/lib/utils.ts">
        <metrics statements="1" coveredstatements="1" conditionals="0" coveredconditionals="0" methods="1" coveredmethods="1"/>
        <line num="5" count="759" type="stmt"/>
      </file>
    </package>
    <package name="stores">
      <metrics statements="24" coveredstatements="24" conditionals="8" coveredconditionals="8" methods="13" coveredmethods="13"/>
      <file name="authStore.ts" path="/Users/yqgmac/yqg/project/EquipSense/frontend/src/stores/authStore.ts">
        <metrics statements="16" coveredstatements="16" conditionals="4" coveredconditionals="4" methods="4" coveredmethods="4"/>
        <line num="13" count="1" type="stmt"/>
        <line num="20" count="4" type="stmt"/>
        <line num="21" count="4" type="stmt"/>
        <line num="22" count="4" type="stmt"/>
        <line num="27" count="2" type="stmt"/>
        <line num="28" count="2" type="stmt"/>
        <line num="29" count="2" type="stmt"/>
        <line num="30" count="2" type="stmt"/>
        <line num="35" count="3" type="stmt"/>
        <line num="36" count="3" type="stmt"/>
        <line num="37" count="3" type="cond" truecount="4" falsecount="0"/>
        <line num="38" count="2" type="stmt"/>
        <line num="39" count="2" type="stmt"/>
        <line num="40" count="2" type="stmt"/>
        <line num="43" count="1" type="stmt"/>
        <line num="44" count="1" type="stmt"/>
      </file>
      <file name="notificationStore.ts" path="/Users/yqgmac/yqg/project/EquipSense/frontend/src/stores/notificationStore.ts">
        <metrics statements="8" coveredstatements="8" conditionals="4" coveredconditionals="4" methods="9" coveredmethods="9"/>
        <line num="14" count="1" type="stmt"/>
        <line num="18" count="65" type="stmt"/>
        <line num="24" count="65" type="stmt"/>
        <line num="31" count="3" type="stmt"/>
        <line num="33" count="4" type="cond" truecount="2" falsecount="0"/>
        <line num="39" count="3" type="stmt"/>
        <line num="40" count="3" type="stmt"/>
        <line num="43" count="4" type="cond" truecount="2" falsecount="0"/>
      </file>
    </package>
  </project>
</coverage>
